Arguments: 
  /Users/baiwang/.nvm/versions/node/v12.20.1/bin/node /usr/local/Cellar/yarn/1.19.1/libexec/bin/yarn.js add @types/loadsh --dev

PATH: 
  /Users/baiwang/.nvm/versions/node/v12.20.1/bin:/Users/baiwang/.nvm/versions/node/v10.17.0/bin:/Library/Java/JavaVirtualMachines/jdk1.8.0_231.jdk/Contents/Home/bin:/usr/local/bin:/usr/bin:/bin:/usr/sbin:/sbin:/usr/local/go/bin:/Users/baiwang/.nvm/versions/node/v10.17.0/bin:/Library/Java/JavaVirtualMachines/jdk1.8.0_231.jdk/Contents/Home/bin:.:/Users/baiwang/Library/Android/sdk/platform-tools:/Users/baiwang/Library/Android/sdk/tools:/Users/baiwang/SDK/flutter/bin:/Users/baiwang/Library/mongodb/bin:.:/Users/baiwang/Library/Android/sdk/platform-tools:/Users/baiwang/Library/Android/sdk/tools:/Users/baiwang/SDK/flutter/bin:/Users/baiwang/Library/mongodb/bin

Yarn version: 
  1.19.1

Node version: 
  12.20.1

Platform: 
  darwin x64

Trace: 
  Error: https://registry.npm.taobao.org/@types%2floadsh: Not found
      at Request.params.callback [as _callback] (/usr/local/Cellar/yarn/1.19.1/libexec/lib/cli.js:66926:18)
      at Request.self.callback (/usr/local/Cellar/yarn/1.19.1/libexec/lib/cli.js:140564:22)
      at Request.emit (events.js:314:20)
      at Request.<anonymous> (/usr/local/Cellar/yarn/1.19.1/libexec/lib/cli.js:141536:10)
      at Request.emit (events.js:314:20)
      at IncomingMessage.<anonymous> (/usr/local/Cellar/yarn/1.19.1/libexec/lib/cli.js:141458:12)
      at Object.onceWrapper (events.js:420:28)
      at IncomingMessage.emit (events.js:326:22)
      at endReadableNT (_stream_readable.js:1241:12)
      at processTicksAndRejections (internal/process/task_queues.js:84:21)

npm manifest: 
  {
    "name": "ts",
    "version": "1.0.0",
    "main": "index.js",
    "license": "MIT",
    "devDependencies": {
      "typescript": "^4.4.3"
    },
    "dependencies": {
      "lodash": "^4.17.21"
    }
  }

yarn manifest: 
  No manifest

Lockfile: 
  # THIS IS AN AUTOGENERATED FILE. DO NOT EDIT THIS FILE DIRECTLY.
  # yarn lockfile v1
  
  
  lodash@^4.17.21:
    version "4.17.21"
    resolved "https://registry.nlark.com/lodash/download/lodash-4.17.21.tgz#679591c564c3bffaae8454cf0b3df370c3d6911c"
    integrity sha1-Z5WRxWTDv/quhFTPCz3zcMPWkRw=
  
  typescript@^4.4.3:
    version "4.4.3"
    resolved "https://registry.nlark.com/typescript/download/typescript-4.4.3.tgz#bdc5407caa2b109efd4f82fe130656f977a29324"
    integrity sha1-vcVAfKorEJ79T4L+EwZW+XeikyQ=
