Arguments: 
  /Users/baiwang/.nvm/versions/node/v12.20.1/bin/node /usr/local/Cellar/yarn/1.19.1/libexec/bin/yarn.js add @babel/core @babel/cli @babel/perset-flow

PATH: 
  /Users/baiwang/.nvm/versions/node/v12.20.1/bin:/Users/baiwang/.nvm/versions/node/v10.17.0/bin:/Library/Java/JavaVirtualMachines/jdk1.8.0_231.jdk/Contents/Home/bin:/usr/local/bin:/usr/bin:/bin:/usr/sbin:/sbin:/usr/local/go/bin:/Users/baiwang/.nvm/versions/node/v10.17.0/bin:/Library/Java/JavaVirtualMachines/jdk1.8.0_231.jdk/Contents/Home/bin:.:/Users/baiwang/Library/Android/sdk/platform-tools:/Users/baiwang/Library/Android/sdk/tools:/Users/baiwang/SDK/flutter/bin:/Users/baiwang/Library/mongodb/bin:.:/Users/baiwang/Library/Android/sdk/platform-tools:/Users/baiwang/Library/Android/sdk/tools:/Users/baiwang/SDK/flutter/bin:/Users/baiwang/Library/mongodb/bin

Yarn version: 
  1.19.1

Node version: 
  12.20.1

Platform: 
  darwin x64

Trace: 
  Error: https://registry.npm.taobao.org/@babel%2fperset-flow: Not found
      at Request.params.callback [as _callback] (/usr/local/Cellar/yarn/1.19.1/libexec/lib/cli.js:66926:18)
      at Request.self.callback (/usr/local/Cellar/yarn/1.19.1/libexec/lib/cli.js:140564:22)
      at Request.emit (events.js:314:20)
      at Request.<anonymous> (/usr/local/Cellar/yarn/1.19.1/libexec/lib/cli.js:141536:10)
      at Request.emit (events.js:314:20)
      at IncomingMessage.<anonymous> (/usr/local/Cellar/yarn/1.19.1/libexec/lib/cli.js:141458:12)
      at Object.onceWrapper (events.js:420:28)
      at IncomingMessage.emit (events.js:326:22)
      at endReadableNT (_stream_readable.js:1241:12)
      at processTicksAndRejections (internal/process/task_queues.js:84:21)

npm manifest: 
  {
    "name": "flow",
    "version": "1.0.0",
    "main": "index.js",
    "license": "MIT",
    "dependencies": {
      "flow": "^0.2.3",
      "flow-bin": "^0.159.0",
      "flow-remove-types": "^2.159.0"
    }
  }

yarn manifest: 
  No manifest

Lockfile: 
  # THIS IS AN AUTOGENERATED FILE. DO NOT EDIT THIS FILE DIRECTLY.
  # yarn lockfile v1
  
  
  flow-bin@^0.159.0:
    version "0.159.0"
    resolved "https://registry.nlark.com/flow-bin/download/flow-bin-0.159.0.tgz?cache=0&sync_timestamp=1630533638441&other_urls=https%3A%2F%2Fregistry.nlark.com%2Fflow-bin%2Fdownload%2Fflow-bin-0.159.0.tgz#f788480d54db6da021e3440648c1dbb5dbc8aee8"
    integrity sha1-94hIDVTbbaAh40QGSMHbtdvIrug=
  
  flow-parser@^0.159.0:
    version "0.159.0"
    resolved "https://registry.nlark.com/flow-parser/download/flow-parser-0.159.0.tgz#478cb540be9f4ae2214c4f3c22430f3365b5da21"
    integrity sha1-R4y1QL6fSuIhTE88IkMPM2W12iE=
  
  flow-remove-types@^2.159.0:
    version "2.159.0"
    resolved "https://registry.nlark.com/flow-remove-types/download/flow-remove-types-2.159.0.tgz#9f06d140125705d8fcf673af105e5f01bfe1697b"
    integrity sha1-nwbRQBJXBdj89nOvEF5fAb/haXs=
    dependencies:
      flow-parser "^0.159.0"
      pirates "^3.0.2"
      vlq "^0.2.1"
  
  flow@^0.2.3:
    version "0.2.3"
    resolved "https://registry.npm.taobao.org/flow/download/flow-0.2.3.tgz#f8da65efa249127ec99376a28896572a9795d1af"
    integrity sha1-+Npl76JJEn7Jk3aiiJZXKpeV0a8=
  
  node-modules-regexp@^1.0.0:
    version "1.0.0"
    resolved "https://registry.npm.taobao.org/node-modules-regexp/download/node-modules-regexp-1.0.0.tgz#8d9dbe28964a4ac5712e9131642107c71e90ec40"
    integrity sha1-jZ2+KJZKSsVxLpExZCEHxx6Q7EA=
  
  pirates@^3.0.2:
    version "3.0.2"
    resolved "https://registry.npm.taobao.org/pirates/download/pirates-3.0.2.tgz#7e6f85413fd9161ab4e12b539b06010d85954bb9"
    integrity sha1-fm+FQT/ZFhq04StTmwYBDYWVS7k=
    dependencies:
      node-modules-regexp "^1.0.0"
  
  vlq@^0.2.1:
    version "0.2.3"
    resolved "https://registry.npm.taobao.org/vlq/download/vlq-0.2.3.tgz#8f3e4328cf63b1540c0d67e1b2778386f8975b26"
    integrity sha1-jz5DKM9jsVQMDWfhsneDhviXWyY=
